# JRE version: Java(TM) SE Runtime Environment (18.0.1.1+2) (build 18.0.1.1+2-6)
# Java VM: Java HotSpot(TM) 64-Bit Server VM (18.0.1.1+2-6, mixed mode, emulated-client, sharing, tiered, compressed oops, compressed class ptrs, g1 gc, windows-amd64)
GC Precious Log:
 CardTable entry size: 512
 Card Set container configuration: InlinePtr #cards 5 size 8 Array Of Cards #cards 12 size 40 Howl #buckets 4 coarsen threshold 1843 Howl Bitmap #cards 512 size 80 coarsen threshold 460 Card regions per heap region 1 cards per card region 2048
 CPUs: 4 total, 4 available
 Memory: 3960M
 Large Page Support: Disabled
 NUMA Support: Disabled
 Compressed Oops: Enabled (32-bit)
 Heap Region Size: 1M
 Heap Min Capacity: 8M
 Heap Initial Capacity: 62M
 Heap Max Capacity: 992M
 Pre-touch: Disabled
 Parallel Workers: 4
 Concurrent Workers: 1
 Concurrent Refinement Workers: 4
 Periodic GC: Disabled
Heap:
 garbage-first heap   total 61440K, used 32686K [0x00000000c2000000, 0x0000000100000000)
  region size 1024K, 16 young (16384K), 3 survivors (3072K)
 Metaspace       used 39384K, committed 39808K, reserved 1114112K
  class space    used 5415K, committed 5632K, reserved 1048576K
GC Heap History (20 events):
Event: 0.534 GC heap before
{Heap before GC invocations=0 (full 0):
 garbage-first heap   total 63488K, used 14336K [0x00000000c2000000, 0x0000000100000000)
  region size 1024K, 13 young (13312K), 0 survivors (0K)
 Metaspace       used 5206K, committed 5504K, reserved 1114112K
  class space    used 620K, committed 768K, reserved 1048576K
}
Event: 0.542 GC heap after
{Heap after GC invocations=1 (full 0):
 garbage-first heap   total 63488K, used 6224K [0x00000000c2000000, 0x0000000100000000)
  region size 1024K, 2 young (2048K), 2 survivors (2048K)
 Metaspace       used 5206K, committed 5504K, reserved 1114112K
  class space    used 620K, committed 768K, reserved 1048576K
}
Event: 0.858 GC heap before
{Heap before GC invocations=1 (full 0):
 garbage-first heap   total 63488K, used 18512K [0x00000000c2000000, 0x0000000100000000)
  region size 1024K, 14 young (14336K), 2 survivors (2048K)
 Metaspace       used 7549K, committed 7744K, reserved 1114112K
  class space    used 943K, committed 1024K, reserved 1048576K
}
Event: 0.862 GC heap after
{Heap after GC invocations=2 (full 0):
 garbage-first heap   total 63488K, used 8263K [0x00000000c2000000, 0x0000000100000000)
  region size 1024K, 2 young (2048K), 2 survivors (2048K)
 Metaspace       used 7549K, committed 7744K, reserved 1114112K
  class space    used 943K, committed 1024K, reserved 1048576K
}
Event: 1.249 GC heap before
{Heap before GC invocations=2 (full 0):
 garbage-first heap   total 63488K, used 27719K [0x00000000c2000000, 0x0000000100000000)
  region size 1024K, 22 young (22528K), 2 survivors (2048K)
 Metaspace       used 12833K, committed 13184K, reserved 1114112K
  class space    used 1614K, committed 1792K, reserved 1048576K
}
Event: 1.253 GC heap after
{Heap after GC invocations=3 (full 0):
 garbage-first heap   total 63488K, used 9620K [0x00000000c2000000, 0x0000000100000000)
  region size 1024K, 2 young (2048K), 2 survivors (2048K)
 Metaspace       used 12833K, committed 13184K, reserved 1114112K
  class space    used 1614K, committed 1792K, reserved 1048576K
}
Event: 1.947 GC heap before
{Heap before GC invocations=3 (full 0):
 garbage-first heap   total 63488K, used 37268K [0x00000000c2000000, 0x0000000100000000)
  region size 1024K, 30 young (30720K), 2 survivors (2048K)
 Metaspace       used 17296K, committed 17600K, reserved 1114112K
  class space    used 2251K, committed 2368K, reserved 1048576K
}
Event: 1.952 GC heap after
{Heap after GC invocations=4 (full 0):
 garbage-first heap   total 63488K, used 11441K [0x00000000c2000000, 0x0000000100000000)
  region size 1024K, 4 young (4096K), 4 survivors (4096K)
 Metaspace       used 17296K, committed 17600K, reserved 1114112K
  class space    used 2251K, committed 2368K, reserved 1048576K
}
Event: 2.541 GC heap before
{Heap before GC invocations=4 (full 0):
 garbage-first heap   total 63488K, used 43185K [0x00000000c2000000, 0x0000000100000000)
  region size 1024K, 35 young (35840K), 4 survivors (4096K)
 Metaspace       used 18857K, committed 19072K, reserved 1114112K
  class space    used 2477K, committed 2560K, reserved 1048576K
}
Event: 2.546 GC heap after
{Heap after GC invocations=5 (full 0):
 garbage-first heap   total 63488K, used 12226K [0x00000000c2000000, 0x0000000100000000)
  region size 1024K, 3 young (3072K), 3 survivors (3072K)
 Metaspace       used 18857K, committed 19072K, reserved 1114112K
  class space    used 2477K, committed 2560K, reserved 1048576K
}
Event: 3.010 GC heap before
{Heap before GC invocations=5 (full 0):
 garbage-first heap   total 63488K, used 27586K [0x00000000c2000000, 0x0000000100000000)
  region size 1024K, 19 young (19456K), 3 survivors (3072K)
 Metaspace       used 21142K, committed 21504K, reserved 1114112K
  class space    used 2821K, committed 3008K, reserved 1048576K
}
Event: 3.017 GC heap after
{Heap after GC invocations=6 (full 0):
 garbage-first heap   total 63488K, used 13408K [0x00000000c2000000, 0x0000000100000000)
  region size 1024K, 3 young (3072K), 3 survivors (3072K)
 Metaspace       used 21142K, committed 21504K, reserved 1114112K
  class space    used 2821K, committed 3008K, reserved 1048576K
}
Event: 3.730 GC heap before
{Heap before GC invocations=7 (full 0):
 garbage-first heap   total 51200K, used 40032K [0x00000000c2000000, 0x0000000100000000)
  region size 1024K, 30 young (30720K), 3 survivors (3072K)
 Metaspace       used 25458K, committed 25792K, reserved 1114112K
  class space    used 3416K, committed 3584K, reserved 1048576K
}
Event: 3.739 GC heap after
{Heap after GC invocations=8 (full 0):
 garbage-first heap   total 51200K, used 16267K [0x00000000c2000000, 0x0000000100000000)
  region size 1024K, 4 young (4096K), 4 survivors (4096K)
 Metaspace       used 25458K, committed 25792K, reserved 1114112K
  class space    used 3416K, committed 3584K, reserved 1048576K
}
Event: 4.506 GC heap before
{Heap before GC invocations=8 (full 0):
 garbage-first heap   total 51200K, used 37771K [0x00000000c2000000, 0x0000000100000000)
  region size 1024K, 25 young (25600K), 4 survivors (4096K)
 Metaspace       used 28847K, committed 29248K, reserved 1114112K
  class space    used 3846K, committed 4032K, reserved 1048576K
}
Event: 4.513 GC heap after
{Heap after GC invocations=9 (full 0):
 garbage-first heap   total 51200K, used 17932K [0x00000000c2000000, 0x0000000100000000)
  region size 1024K, 2 young (2048K), 2 survivors (2048K)
 Metaspace       used 28847K, committed 29248K, reserved 1114112K
  class space    used 3846K, committed 4032K, reserved 1048576K
}
Event: 5.103 GC heap before
{Heap before GC invocations=9 (full 0):
 garbage-first heap   total 51200K, used 37388K [0x00000000c2000000, 0x0000000100000000)
  region size 1024K, 22 young (22528K), 2 survivors (2048K)
 Metaspace       used 32783K, committed 33216K, reserved 1114112K
  class space    used 4488K, committed 4672K, reserved 1048576K
}
Event: 5.110 GC heap after
{Heap after GC invocations=10 (full 0):
 garbage-first heap   total 51200K, used 18935K [0x00000000c2000000, 0x0000000100000000)
  region size 1024K, 3 young (3072K), 3 survivors (3072K)
 Metaspace       used 32783K, committed 33216K, reserved 1114112K
  class space    used 4488K, committed 4672K, reserved 1048576K
}
Event: 5.556 GC heap before
{Heap before GC invocations=10 (full 0):
 garbage-first heap   total 51200K, used 30199K [0x00000000c2000000, 0x0000000100000000)
  region size 1024K, 16 young (16384K), 3 survivors (3072K)
 Metaspace       used 35787K, committed 36160K, reserved 1114112K
  class space    used 4924K, committed 5120K, reserved 1048576K
}
Event: 5.561 GC heap after
{Heap after GC invocations=11 (full 0):
 garbage-first heap   total 61440K, used 20398K [0x00000000c2000000, 0x0000000100000000)
  region size 1024K, 3 young (3072K), 3 survivors (3072K)
 Metaspace       used 35787K, committed 36160K, reserved 1114112K
  class space    used 4924K, committed 5120K, reserved 1048576K
}

